<?xml version="1.0" encoding="UTF-8"?>
<testng-results ignored="1" total="81" passed="80" failed="0" skipped="0">
  <reporter-output>
  </reporter-output>
  <suite started-at="2026-04-25T13:11:52Z" name="All Test Suite" finished-at="2026-04-25T13:11:52Z" duration-ms="0">
    <groups>
    </groups>
  </suite> <!-- All Test Suite -->
  <suite started-at="2026-04-25T13:11:51Z" name="All Test Suite (0)" finished-at="2026-04-25T13:11:52Z" duration-ms="358">
    <groups>
    </groups>
    <test started-at="2026-04-25T13:11:51Z" name="D:/IdeaWorkspace/TestNGDemo/test/homework/ch11_13/PersonTest.java" finished-at="2026-04-25T13:11:51Z" duration-ms="67">
      <class name="homework.ch11_13.PersonTest">
        <test-method signature="testGetName()[pri:0, instance:homework.ch11_13.PersonTest@436e852b]" started-at="2026-04-25T13:11:51Z" name="testGetName" finished-at="2026-04-25T13:11:51Z" duration-ms="13" status="PASS">
          <reporter-output>
          </reporter-output>
        </test-method> <!-- testGetName -->
        <test-method signature="testSetName()[pri:0, instance:homework.ch11_13.PersonTest@436e852b]" started-at="2026-04-25T13:11:51Z" name="testSetName" finished-at="2026-04-25T13:11:51Z" duration-ms="0" status="PASS">
          <reporter-output>
          </reporter-output>
        </test-method> <!-- testSetName -->
        <test-method signature="testGetAge()[pri:0, instance:homework.ch11_13.PersonTest@436e852b]" started-at="2026-04-25T13:11:51Z" name="testGetAge" finished-at="2026-04-25T13:11:51Z" duration-ms="0" status="PASS">
          <reporter-output>
          </reporter-output>
        </test-method> <!-- testGetAge -->
        <test-method signature="testSetAge()[pri:0, instance:homework.ch11_13.PersonTest@436e852b]" started-at="2026-04-25T13:11:51Z" name="testSetAge" finished-at="2026-04-25T13:11:51Z" duration-ms="0" status="PASS">
          <reporter-output>
          </reporter-output>
        </test-method> <!-- testSetAge -->
        <test-method signature="testTestToString()[pri:0, instance:homework.ch11_13.PersonTest@436e852b]" started-at="2026-04-25T13:11:51Z" name="testTestToString" finished-at="2026-04-25T13:11:51Z" duration-ms="12" status="PASS">
          <reporter-output>
          </reporter-output>
        </test-method> <!-- testTestToString -->
        <test-method signature="testTestClone()[pri:0, instance:homework.ch11_13.PersonTest@436e852b]" started-at="2026-04-25T13:11:51Z" name="testTestClone" finished-at="2026-04-25T13:11:51Z" duration-ms="0" status="PASS">
          <reporter-output>
          </reporter-output>
        </test-method> <!-- testTestClone -->
        <test-method signature="testTestEquals()[pri:0, instance:homework.ch11_13.PersonTest@436e852b]" started-at="2026-04-25T13:11:51Z" name="testTestEquals" finished-at="2026-04-25T13:11:51Z" duration-ms="0" status="PASS">
          <reporter-output>
          </reporter-output>
        </test-method> <!-- testTestEquals -->
      </class> <!-- homework.ch11_13.PersonTest -->
    </test> <!-- D:/IdeaWorkspace/TestNGDemo/test/homework/ch11_13/PersonTest.java -->
    <test started-at="2026-04-25T13:11:52Z" name="D:/IdeaWorkspace/TestNGDemo/test/homework/ch11_13/StudentTest.java" finished-at="2026-04-25T13:11:52Z" duration-ms="67">
      <class name="homework.ch11_13.StudentTest">
        <test-method signature="testGetStudentId(homework.ch11_13.p3.Student, int)[pri:0, instance:homework.ch11_13.StudentTest@87f383f]" started-at="2026-04-25T13:11:52Z" name="testGetStudentId" data-provider="studentDataProvider" finished-at="2026-04-25T13:11:52Z" duration-ms="14" status="PASS">
          <params>
            <param index="0">
              <value>
                <![CDATA[Student{Person{name='aaa', age=20}, studentId=20170101, department='CS', classNo='CS1704'}]]>
              </value>
            </param>
            <param index="1">
              <value>
                <![CDATA[20170101]]>
              </value>
            </param>
          </params>
          <reporter-output>
          </reporter-output>
        </test-method> <!-- testGetStudentId -->
        <test-method signature="testSetStudentId(homework.ch11_13.p3.Student, int)[pri:0, instance:homework.ch11_13.StudentTest@87f383f]" started-at="2026-04-25T13:11:52Z" name="testSetStudentId" data-provider="studentDataProvider" finished-at="2026-04-25T13:11:52Z" duration-ms="0" status="PASS">
          <params>
            <param index="0">
              <value>
                <![CDATA[Student{Person{name='null', age=0}, studentId=0, department='null', classNo='null'}]]>
              </value>
            </param>
            <param index="1">
              <value>
                <![CDATA[20170102]]>
              </value>
            </param>
          </params>
          <reporter-output>
          </reporter-output>
        </test-method> <!-- testSetStudentId -->
        <test-method signature="testGetDepartment(homework.ch11_13.p3.Student, java.lang.String)[pri:0, instance:homework.ch11_13.StudentTest@87f383f]" started-at="2026-04-25T13:11:52Z" name="testGetDepartment" data-provider="studentDataProvider" finished-at="2026-04-25T13:11:52Z" duration-ms="4" status="PASS">
          <params>
            <param index="0">
              <value>
                <![CDATA[Student{Person{name='aaa', age=20}, studentId=20170101, department='CS', classNo='CS1704'}]]>
              </value>
            </param>
            <param index="1">
              <value>
                <![CDATA[CS]]>
              </value>
            </param>
          </params>
          <reporter-output>
          </reporter-output>
        </test-method> <!-- testGetDepartment -->
        <test-method signature="testSetDepartment(homework.ch11_13.p3.Student, java.lang.String)[pri:0, instance:homework.ch11_13.StudentTest@87f383f]" started-at="2026-04-25T13:11:52Z" name="testSetDepartment" data-provider="studentDataProvider" finished-at="2026-04-25T13:11:52Z" duration-ms="0" status="PASS">
          <params>
            <param index="0">
              <value>
                <![CDATA[Student{Person{name='null', age=0}, studentId=0, department='null', classNo='null'}]]>
              </value>
            </param>
            <param index="1">
              <value>
                <![CDATA[EE]]>
              </value>
            </param>
          </params>
          <reporter-output>
          </reporter-output>
        </test-method> <!-- testSetDepartment -->
        <test-method signature="testSetClassNo(homework.ch11_13.p3.Student, java.lang.String)[pri:0, instance:homework.ch11_13.StudentTest@87f383f]" started-at="2026-04-25T13:11:52Z" name="testSetClassNo" data-provider="studentDataProvider" finished-at="2026-04-25T13:11:52Z" duration-ms="1" status="PASS">
          <params>
            <param index="0">
              <value>
                <![CDATA[Student{Person{name='null', age=0}, studentId=0, department='null', classNo='null'}]]>
              </value>
            </param>
            <param index="1">
              <value>
                <![CDATA[CS1704]]>
              </value>
            </param>
          </params>
          <reporter-output>
          </reporter-output>
        </test-method> <!-- testSetClassNo -->
        <test-method signature="testGetClassNo(homework.ch11_13.p3.Student, java.lang.String)[pri:0, instance:homework.ch11_13.StudentTest@87f383f]" started-at="2026-04-25T13:11:52Z" name="testGetClassNo" data-provider="studentDataProvider" finished-at="2026-04-25T13:11:52Z" duration-ms="0" status="PASS">
          <params>
            <param index="0">
              <value>
                <![CDATA[Student{Person{name='aaa', age=20}, studentId=20170101, department='CS', classNo='CS1704'}]]>
              </value>
            </param>
            <param index="1">
              <value>
                <![CDATA[CS1704]]>
              </value>
            </param>
          </params>
          <reporter-output>
          </reporter-output>
        </test-method> <!-- testGetClassNo -->
        <test-method signature="testTestToString(homework.ch11_13.p3.Student, [Ljava.lang.Object;)[pri:0, instance:homework.ch11_13.StudentTest@87f383f]" started-at="2026-04-25T13:11:52Z" name="testTestToString" data-provider="studentDataProvider" finished-at="2026-04-25T13:11:52Z" duration-ms="18" status="PASS">
          <params>
            <param index="0">
              <value>
                <![CDATA[Student{Person{name='aaa', age=20}, studentId=20170101, department='CS', classNo='CS1704'}]]>
              </value>
            </param>
            <param index="1">
              <value>
                <![CDATA[[Ljava.lang.Object;@1df82230]]>
              </value>
            </param>
          </params>
          <reporter-output>
          </reporter-output>
        </test-method> <!-- testTestToString -->
        <test-method signature="testTestEquals([Lhomework.ch11_13.p3.Student;, boolean)[pri:0, instance:homework.ch11_13.StudentTest@87f383f]" started-at="2026-04-25T13:11:52Z" name="testTestEquals" data-provider="studentDataProvider" finished-at="2026-04-25T13:11:52Z" duration-ms="4" status="PASS">
          <params>
            <param index="0">
              <value>
                <![CDATA[[Lhomework.ch11_13.p3.Student;@501edcf1]]>
              </value>
            </param>
            <param index="1">
              <value>
                <![CDATA[true]]>
              </value>
            </param>
          </params>
          <reporter-output>
          </reporter-output>
        </test-method> <!-- testTestEquals -->
        <test-method signature="testTestEquals([Lhomework.ch11_13.p3.Student;, boolean)[pri:0, instance:homework.ch11_13.StudentTest@87f383f]" started-at="2026-04-25T13:11:52Z" name="testTestEquals" data-provider="studentDataProvider" finished-at="2026-04-25T13:11:52Z" duration-ms="0" status="PASS">
          <params>
            <param index="0">
              <value>
                <![CDATA[[Lhomework.ch11_13.p3.Student;@78b729e6]]>
              </value>
            </param>
            <param index="1">
              <value>
                <![CDATA[false]]>
              </value>
            </param>
          </params>
          <reporter-output>
          </reporter-output>
        </test-method> <!-- testTestEquals -->
        <test-method signature="testTestEquals([Lhomework.ch11_13.p3.Student;, boolean)[pri:0, instance:homework.ch11_13.StudentTest@87f383f]" started-at="2026-04-25T13:11:52Z" name="testTestEquals" data-provider="studentDataProvider" finished-at="2026-04-25T13:11:52Z" duration-ms="0" status="PASS">
          <params>
            <param index="0">
              <value>
                <![CDATA[[Lhomework.ch11_13.p3.Student;@6b4a4e18]]>
              </value>
            </param>
            <param index="1">
              <value>
                <![CDATA[true]]>
              </value>
            </param>
          </params>
          <reporter-output>
          </reporter-output>
        </test-method> <!-- testTestEquals -->
        <test-method signature="testTestEquals([Lhomework.ch11_13.p3.Student;, boolean)[pri:0, instance:homework.ch11_13.StudentTest@87f383f]" started-at="2026-04-25T13:11:52Z" name="testTestEquals" data-provider="studentDataProvider" finished-at="2026-04-25T13:11:52Z" duration-ms="0" status="PASS">
          <params>
            <param index="0">
              <value>
                <![CDATA[[Lhomework.ch11_13.p3.Student;@197d671]]>
              </value>
            </param>
            <param index="1">
              <value>
                <![CDATA[false]]>
              </value>
            </param>
          </params>
          <reporter-output>
          </reporter-output>
        </test-method> <!-- testTestEquals -->
        <test-method signature="testTestEquals([Lhomework.ch11_13.p3.Student;, boolean)[pri:0, instance:homework.ch11_13.StudentTest@87f383f]" started-at="2026-04-25T13:11:52Z" name="testTestEquals" data-provider="studentDataProvider" finished-at="2026-04-25T13:11:52Z" duration-ms="0" status="PASS">
          <params>
            <param index="0">
              <value>
                <![CDATA[[Lhomework.ch11_13.p3.Student;@27c86f2d]]>
              </value>
            </param>
            <param index="1">
              <value>
                <![CDATA[false]]>
              </value>
            </param>
          </params>
          <reporter-output>
          </reporter-output>
        </test-method> <!-- testTestEquals -->
        <test-method signature="testTestEquals([Lhomework.ch11_13.p3.Student;, boolean)[pri:0, instance:homework.ch11_13.StudentTest@87f383f]" started-at="2026-04-25T13:11:52Z" name="testTestEquals" data-provider="studentDataProvider" finished-at="2026-04-25T13:11:52Z" duration-ms="0" status="PASS">
          <params>
            <param index="0">
              <value>
                <![CDATA[[Lhomework.ch11_13.p3.Student;@402e37bc]]>
              </value>
            </param>
            <param index="1">
              <value>
                <![CDATA[false]]>
              </value>
            </param>
          </params>
          <reporter-output>
          </reporter-output>
        </test-method> <!-- testTestEquals -->
        <test-method signature="testTestEquals([Lhomework.ch11_13.p3.Student;, boolean)[pri:0, instance:homework.ch11_13.StudentTest@87f383f]" started-at="2026-04-25T13:11:52Z" name="testTestEquals" data-provider="studentDataProvider" finished-at="2026-04-25T13:11:52Z" duration-ms="0" status="PASS">
          <params>
            <param index="0">
              <value>
                <![CDATA[[Lhomework.ch11_13.p3.Student;@79ad8b2f]]>
              </value>
            </param>
            <param index="1">
              <value>
                <![CDATA[false]]>
              </value>
            </param>
          </params>
          <reporter-output>
          </reporter-output>
        </test-method> <!-- testTestEquals -->
        <test-method signature="testTestClone(homework.ch11_13.p3.Student, java.lang.Object)[pri:0, instance:homework.ch11_13.StudentTest@87f383f]" started-at="2026-04-25T13:11:52Z" name="testTestClone" data-provider="studentDataProvider" finished-at="2026-04-25T13:11:52Z" duration-ms="2" status="PASS">
          <params>
            <param index="0">
              <value>
                <![CDATA[Student{Person{name='aaa', age=20}, studentId=20170101, department='CS', classNo='CS1704'}]]>
              </value>
            </param>
            <param index="1">
              <value is-null="true"/>
            </param>
          </params>
          <reporter-output>
          </reporter-output>
        </test-method> <!-- testTestClone -->
      </class> <!-- homework.ch11_13.StudentTest -->
    </test> <!-- D:/IdeaWorkspace/TestNGDemo/test/homework/ch11_13/StudentTest.java -->
    <test started-at="2026-04-25T13:11:52Z" name="D:/IdeaWorkspace/TestNGDemo/test/homework/ch11_13/FacultyTest.java" finished-at="2026-04-25T13:11:52Z" duration-ms="18">
      <class name="homework.ch11_13.FacultyTest">
        <test-method signature="testGetFacultyId(homework.ch11_13.p3.Faculty, int)[pri:0, instance:homework.ch11_13.FacultyTest@4a87761d]" started-at="2026-04-25T13:11:52Z" name="testGetFacultyId" data-provider="facultyDataProvider" finished-at="2026-04-25T13:11:52Z" duration-ms="3" status="PASS">
          <params>
            <param index="0">
              <value>
                <![CDATA[Faculty{Person{name='aaa', age=20}, facultyId=1998000111, title='Professor', email='abc@qq.com'}]]>
              </value>
            </param>
            <param index="1">
              <value>
                <![CDATA[1998000111]]>
              </value>
            </param>
          </params>
          <reporter-output>
          </reporter-output>
        </test-method> <!-- testGetFacultyId -->
        <test-method signature="testSetFacultyId(homework.ch11_13.p3.Faculty, int)[pri:0, instance:homework.ch11_13.FacultyTest@4a87761d]" started-at="2026-04-25T13:11:52Z" name="testSetFacultyId" data-provider="facultyDataProvider" finished-at="2026-04-25T13:11:52Z" duration-ms="1" status="PASS">
          <params>
            <param index="0">
              <value>
                <![CDATA[Faculty{Person{name='null', age=0}, facultyId=0, title='null', email='null'}]]>
              </value>
            </param>
            <param index="1">
              <value>
                <![CDATA[1998000112]]>
              </value>
            </param>
          </params>
          <reporter-output>
          </reporter-output>
        </test-method> <!-- testSetFacultyId -->
        <test-method signature="testGetTitle(homework.ch11_13.p3.Faculty, java.lang.String)[pri:0, instance:homework.ch11_13.FacultyTest@4a87761d]" started-at="2026-04-25T13:11:52Z" name="testGetTitle" data-provider="facultyDataProvider" finished-at="2026-04-25T13:11:52Z" duration-ms="3" status="PASS">
          <params>
            <param index="0">
              <value>
                <![CDATA[Faculty{Person{name='aaa', age=20}, facultyId=1998000111, title='Professor', email='abc@qq.com'}]]>
              </value>
            </param>
            <param index="1">
              <value>
                <![CDATA[Professor]]>
              </value>
            </param>
          </params>
          <reporter-output>
          </reporter-output>
        </test-method> <!-- testGetTitle -->
        <test-method signature="testSetTitle(homework.ch11_13.p3.Faculty, java.lang.String)[pri:0, instance:homework.ch11_13.FacultyTest@4a87761d]" started-at="2026-04-25T13:11:52Z" name="testSetTitle" data-provider="facultyDataProvider" finished-at="2026-04-25T13:11:52Z" duration-ms="1" status="PASS">
          <params>
            <param index="0">
              <value>
                <![CDATA[Faculty{Person{name='null', age=0}, facultyId=0, title='null', email='null'}]]>
              </value>
            </param>
            <param index="1">
              <value>
                <![CDATA[Lecturer]]>
              </value>
            </param>
          </params>
          <reporter-output>
          </reporter-output>
        </test-method> <!-- testSetTitle -->
        <test-method signature="testGetEmail(homework.ch11_13.p3.Faculty, java.lang.String)[pri:0, instance:homework.ch11_13.FacultyTest@4a87761d]" started-at="2026-04-25T13:11:52Z" name="testGetEmail" data-provider="facultyDataProvider" finished-at="2026-04-25T13:11:52Z" duration-ms="1" status="PASS">
          <params>
            <param index="0">
              <value>
                <![CDATA[Faculty{Person{name='aaa', age=20}, facultyId=1998000111, title='Professor', email='abc@qq.com'}]]>
              </value>
            </param>
            <param index="1">
              <value>
                <![CDATA[abc@qq.com]]>
              </value>
            </param>
          </params>
          <reporter-output>
          </reporter-output>
        </test-method> <!-- testGetEmail -->
        <test-method signature="testSetEmail(homework.ch11_13.p3.Faculty, java.lang.String)[pri:0, instance:homework.ch11_13.FacultyTest@4a87761d]" started-at="2026-04-25T13:11:52Z" name="testSetEmail" data-provider="facultyDataProvider" finished-at="2026-04-25T13:11:52Z" duration-ms="1" status="PASS">
          <params>
            <param index="0">
              <value>
                <![CDATA[Faculty{Person{name='null', age=0}, facultyId=0, title='null', email='null'}]]>
              </value>
            </param>
            <param index="1">
              <value>
                <![CDATA[123@qq.com]]>
              </value>
            </param>
          </params>
          <reporter-output>
          </reporter-output>
        </test-method> <!-- testSetEmail -->
        <test-method signature="testTestToString(homework.ch11_13.p3.Faculty, [Ljava.lang.Object;)[pri:0, instance:homework.ch11_13.FacultyTest@4a87761d]" started-at="2026-04-25T13:11:52Z" name="testTestToString" data-provider="facultyDataProvider" finished-at="2026-04-25T13:11:52Z" duration-ms="0" status="PASS">
          <params>
            <param index="0">
              <value>
                <![CDATA[Faculty{Person{name='aaa', age=20}, facultyId=1998000111, title='Professor', email='abc@qq.com'}]]>
              </value>
            </param>
            <param index="1">
              <value>
                <![CDATA[[Ljava.lang.Object;@223f3642]]>
              </value>
            </param>
          </params>
          <reporter-output>
          </reporter-output>
        </test-method> <!-- testTestToString -->
        <test-method signature="testTestEquals([Lhomework.ch11_13.p3.Faculty;, boolean)[pri:0, instance:homework.ch11_13.FacultyTest@4a87761d]" started-at="2026-04-25T13:11:52Z" name="testTestEquals" data-provider="facultyDataProvider" finished-at="2026-04-25T13:11:52Z" duration-ms="0" status="PASS">
          <params>
            <param index="0">
              <value>
                <![CDATA[[Lhomework.ch11_13.p3.Faculty;@23529fee]]>
              </value>
            </param>
            <param index="1">
              <value>
                <![CDATA[true]]>
              </value>
            </param>
          </params>
          <reporter-output>
          </reporter-output>
        </test-method> <!-- testTestEquals -->
        <test-method signature="testTestEquals([Lhomework.ch11_13.p3.Faculty;, boolean)[pri:0, instance:homework.ch11_13.FacultyTest@4a87761d]" started-at="2026-04-25T13:11:52Z" name="testTestEquals" data-provider="facultyDataProvider" finished-at="2026-04-25T13:11:52Z" duration-ms="0" status="PASS">
          <params>
            <param index="0">
              <value>
                <![CDATA[[Lhomework.ch11_13.p3.Faculty;@2805c96b]]>
              </value>
            </param>
            <param index="1">
              <value>
                <![CDATA[true]]>
              </value>
            </param>
          </params>
          <reporter-output>
          </reporter-output>
        </test-method> <!-- testTestEquals -->
        <test-method signature="testTestEquals([Lhomework.ch11_13.p3.Faculty;, boolean)[pri:0, instance:homework.ch11_13.FacultyTest@4a87761d]" started-at="2026-04-25T13:11:52Z" name="testTestEquals" data-provider="facultyDataProvider" finished-at="2026-04-25T13:11:52Z" duration-ms="0" status="PASS">
          <params>
            <param index="0">
              <value>
                <![CDATA[[Lhomework.ch11_13.p3.Faculty;@4fe767f3]]>
              </value>
            </param>
            <param index="1">
              <value>
                <![CDATA[false]]>
              </value>
            </param>
          </params>
          <reporter-output>
          </reporter-output>
        </test-method> <!-- testTestEquals -->
        <test-method signature="testTestEquals([Lhomework.ch11_13.p3.Faculty;, boolean)[pri:0, instance:homework.ch11_13.FacultyTest@4a87761d]" started-at="2026-04-25T13:11:52Z" name="testTestEquals" data-provider="facultyDataProvider" finished-at="2026-04-25T13:11:52Z" duration-ms="0" status="PASS">
          <params>
            <param index="0">
              <value>
                <![CDATA[[Lhomework.ch11_13.p3.Faculty;@5bfa9431]]>
              </value>
            </param>
            <param index="1">
              <value>
                <![CDATA[false]]>
              </value>
            </param>
          </params>
          <reporter-output>
          </reporter-output>
        </test-method> <!-- testTestEquals -->
        <test-method signature="testTestEquals([Lhomework.ch11_13.p3.Faculty;, boolean)[pri:0, instance:homework.ch11_13.FacultyTest@4a87761d]" started-at="2026-04-25T13:11:52Z" name="testTestEquals" data-provider="facultyDataProvider" finished-at="2026-04-25T13:11:52Z" duration-ms="0" status="PASS">
          <params>
            <param index="0">
              <value>
                <![CDATA[[Lhomework.ch11_13.p3.Faculty;@184cf7cf]]>
              </value>
            </param>
            <param index="1">
              <value>
                <![CDATA[false]]>
              </value>
            </param>
          </params>
          <reporter-output>
          </reporter-output>
        </test-method> <!-- testTestEquals -->
        <test-method signature="testTestEquals([Lhomework.ch11_13.p3.Faculty;, boolean)[pri:0, instance:homework.ch11_13.FacultyTest@4a87761d]" started-at="2026-04-25T13:11:52Z" name="testTestEquals" data-provider="facultyDataProvider" finished-at="2026-04-25T13:11:52Z" duration-ms="0" status="PASS">
          <params>
            <param index="0">
              <value>
                <![CDATA[[Lhomework.ch11_13.p3.Faculty;@2fd6b6c7]]>
              </value>
            </param>
            <param index="1">
              <value>
                <![CDATA[false]]>
              </value>
            </param>
          </params>
          <reporter-output>
          </reporter-output>
        </test-method> <!-- testTestEquals -->
        <test-method signature="testTestEquals([Lhomework.ch11_13.p3.Faculty;, boolean)[pri:0, instance:homework.ch11_13.FacultyTest@4a87761d]" started-at="2026-04-25T13:11:52Z" name="testTestEquals" data-provider="facultyDataProvider" finished-at="2026-04-25T13:11:52Z" duration-ms="0" status="PASS">
          <params>
            <param index="0">
              <value>
                <![CDATA[[Lhomework.ch11_13.p3.Faculty;@5db250b4]]>
              </value>
            </param>
            <param index="1">
              <value>
                <![CDATA[false]]>
              </value>
            </param>
          </params>
          <reporter-output>
          </reporter-output>
        </test-method> <!-- testTestEquals -->
        <test-method signature="testTestClone(homework.ch11_13.p3.Faculty, java.lang.Object)[pri:0, instance:homework.ch11_13.FacultyTest@4a87761d]" started-at="2026-04-25T13:11:52Z" name="testTestClone" data-provider="facultyDataProvider" finished-at="2026-04-25T13:11:52Z" duration-ms="0" status="PASS">
          <params>
            <param index="0">
              <value>
                <![CDATA[Faculty{Person{name='aaa', age=20}, facultyId=1998000111, title='Professor', email='abc@qq.com'}]]>
              </value>
            </param>
            <param index="1">
              <value is-null="true"/>
            </param>
          </params>
          <reporter-output>
          </reporter-output>
        </test-method> <!-- testTestClone -->
      </class> <!-- homework.ch11_13.FacultyTest -->
    </test> <!-- D:/IdeaWorkspace/TestNGDemo/test/homework/ch11_13/FacultyTest.java -->
    <test started-at="2026-04-25T13:11:52Z" name="D:/IdeaWorkspace/TestNGDemo/test/homework/ch11_13/CourseTest.java" finished-at="2026-04-25T13:11:52Z" duration-ms="18">
      <class name="homework.ch11_13.CourseTest">
        <test-method signature="testRegister(homework.ch11_13.p3.Course, [Lhomework.ch11_13.p3.Person;)[pri:0, instance:homework.ch11_13.CourseTest@553a3d88]" started-at="2026-04-25T13:11:52Z" name="testRegister" data-provider="courseDataProvider" finished-at="2026-04-25T13:11:52Z" duration-ms="3" status="PASS">
          <params>
            <param index="0">
              <value>
                <![CDATA[Course{courseName='Java Language Programming', teacher=Faculty{Person{name='James Gosling', age=65}, facultyId=0, title='Professor', email='http://nighthacks.com/jag/bio/index.html'}, students=[]}]]>
              </value>
            </param>
            <param index="1">
              <value>
                <![CDATA[[Lhomework.ch11_13.p3.Person;@2f177a4b]]>
              </value>
            </param>
          </params>
          <reporter-output>
          </reporter-output>
        </test-method> <!-- testRegister -->
        <test-method signature="testGetCourseName(homework.ch11_13.p3.Course, java.lang.String)[pri:0, instance:homework.ch11_13.CourseTest@553a3d88]" started-at="2026-04-25T13:11:52Z" name="testGetCourseName" data-provider="courseDataProvider" finished-at="2026-04-25T13:11:52Z" duration-ms="1" status="PASS">
          <params>
            <param index="0">
              <value>
                <![CDATA[Course{courseName='Java Language Programming', teacher=Faculty{Person{name='James Gosling', age=65}, facultyId=0, title='Professor', email='http://nighthacks.com/jag/bio/index.html'}, students=[]}]]>
              </value>
            </param>
            <param index="1">
              <value>
                <![CDATA[Java Language Programming]]>
              </value>
            </param>
          </params>
          <reporter-output>
          </reporter-output>
        </test-method> <!-- testGetCourseName -->
        <test-method signature="testGetStudents(homework.ch11_13.p3.Course, [Lhomework.ch11_13.p3.Person;)[pri:0, instance:homework.ch11_13.CourseTest@553a3d88]" started-at="2026-04-25T13:11:52Z" name="testGetStudents" data-provider="courseDataProvider" finished-at="2026-04-25T13:11:52Z" duration-ms="0" status="PASS">
          <params>
            <param index="0">
              <value>
                <![CDATA[Course{courseName='Java Language Programming', teacher=Faculty{Person{name='James Gosling', age=65}, facultyId=0, title='Professor', email='http://nighthacks.com/jag/bio/index.html'}, students=[Student{Person{name='aaa', age=20}, studentId=20170101, department='CS', classNo='CS1704'}, Student{Person{name='bbb', age=20}, studentId=20170102, department='CS', classNo='CS1705'}, Student{Person{name='ccc', age=20}, studentId=20170103, department='CS', classNo='CS1706'}]}]]>
              </value>
            </param>
            <param index="1">
              <value>
                <![CDATA[[Lhomework.ch11_13.p3.Person;@29176cc1]]>
              </value>
            </param>
          </params>
          <reporter-output>
          </reporter-output>
        </test-method> <!-- testGetStudents -->
        <test-method signature="testGetTeacher(homework.ch11_13.p3.Course, homework.ch11_13.p3.Person)[pri:0, instance:homework.ch11_13.CourseTest@553a3d88]" started-at="2026-04-25T13:11:52Z" name="testGetTeacher" data-provider="courseDataProvider" finished-at="2026-04-25T13:11:52Z" duration-ms="0" status="PASS">
          <params>
            <param index="0">
              <value>
                <![CDATA[Course{courseName='Java Language Programming', teacher=Faculty{Person{name='James Gosling', age=65}, facultyId=0, title='Professor', email='http://nighthacks.com/jag/bio/index.html'}, students=[]}]]>
              </value>
            </param>
            <param index="1">
              <value>
                <![CDATA[Faculty{Person{name='James Gosling', age=65}, facultyId=0, title='Professor', email='http://nighthacks.com/jag/bio/index.html'}]]>
              </value>
            </param>
          </params>
          <reporter-output>
          </reporter-output>
        </test-method> <!-- testGetTeacher -->
        <test-method signature="testUnregister(homework.ch11_13.p3.Course, [Lhomework.ch11_13.p3.Person;)[pri:0, instance:homework.ch11_13.CourseTest@553a3d88]" started-at="2026-04-25T13:11:52Z" name="testUnregister" data-provider="courseDataProvider" finished-at="2026-04-25T13:11:52Z" duration-ms="0" status="PASS">
          <params>
            <param index="0">
              <value>
                <![CDATA[Course{courseName='Java Language Programming', teacher=Faculty{Person{name='James Gosling', age=65}, facultyId=0, title='Professor', email='http://nighthacks.com/jag/bio/index.html'}, students=[Student{Person{name='aaa', age=20}, studentId=20170101, department='CS', classNo='CS1704'}, Student{Person{name='bbb', age=20}, studentId=20170102, department='CS', classNo='CS1705'}, Student{Person{name='ccc', age=20}, studentId=20170103, department='CS', classNo='CS1706'}]}]]>
              </value>
            </param>
            <param index="1">
              <value>
                <![CDATA[[Lhomework.ch11_13.p3.Person;@6ce139a4]]>
              </value>
            </param>
          </params>
          <reporter-output>
          </reporter-output>
        </test-method> <!-- testUnregister -->
        <test-method signature="testGetNumberOfStudent(homework.ch11_13.p3.Course, int)[pri:0, instance:homework.ch11_13.CourseTest@553a3d88]" started-at="2026-04-25T13:11:52Z" name="testGetNumberOfStudent" data-provider="courseDataProvider" finished-at="2026-04-25T13:11:52Z" duration-ms="3" status="PASS">
          <params>
            <param index="0">
              <value>
                <![CDATA[Course{courseName='Java Language Programming', teacher=Faculty{Person{name='James Gosling', age=65}, facultyId=0, title='Professor', email='http://nighthacks.com/jag/bio/index.html'}, students=[Student{Person{name='aaa', age=20}, studentId=20170101, department='CS', classNo='CS1704'}, Student{Person{name='bbb', age=20}, studentId=20170102, department='CS', classNo='CS1705'}, Student{Person{name='ccc', age=20}, studentId=20170103, department='CS', classNo='CS1706'}]}]]>
              </value>
            </param>
            <param index="1">
              <value>
                <![CDATA[3]]>
              </value>
            </param>
          </params>
          <reporter-output>
          </reporter-output>
        </test-method> <!-- testGetNumberOfStudent -->
        <test-method signature="testTestClone(homework.ch11_13.p3.Course, java.lang.Object)[pri:0, instance:homework.ch11_13.CourseTest@553a3d88]" started-at="2026-04-25T13:11:52Z" name="testTestClone" data-provider="courseDataProvider" finished-at="2026-04-25T13:11:52Z" duration-ms="1" status="PASS">
          <params>
            <param index="0">
              <value>
                <![CDATA[Course{courseName='Java Language Programming', teacher=Faculty{Person{name='James Gosling', age=65}, facultyId=0, title='Professor', email='http://nighthacks.com/jag/bio/index.html'}, students=[Student{Person{name='aaa', age=20}, studentId=20170101, department='CS', classNo='CS1704'}, Student{Person{name='bbb', age=20}, studentId=20170102, department='CS', classNo='CS1705'}, Student{Person{name='ccc', age=20}, studentId=20170103, department='CS', classNo='CS1706'}]}]]>
              </value>
            </param>
            <param index="1">
              <value is-null="true"/>
            </param>
          </params>
          <reporter-output>
          </reporter-output>
        </test-method> <!-- testTestClone -->
        <test-method signature="testTestToString(homework.ch11_13.p3.Course, [Ljava.lang.String;)[pri:0, instance:homework.ch11_13.CourseTest@553a3d88]" started-at="2026-04-25T13:11:52Z" name="testTestToString" data-provider="courseDataProvider" finished-at="2026-04-25T13:11:52Z" duration-ms="0" status="PASS">
          <params>
            <param index="0">
              <value>
                <![CDATA[Course{courseName='C++ Language Programming', teacher=Faculty{Person{name='T1', age=40}, facultyId=1, title='Professor', email='123@qq.com'}, students=[Student{Person{name='ccc', age=21}, studentId=20170103, department='CS1', classNo='CS1705'}, Student{Person{name='ddd', age=22}, studentId=20170104, department='CS2', classNo='CS1706'}]}]]>
              </value>
            </param>
            <param index="1">
              <value>
                <![CDATA[[Ljava.lang.String;@1fe20588]]>
              </value>
            </param>
          </params>
          <reporter-output>
          </reporter-output>
        </test-method> <!-- testTestToString -->
        <test-method signature="testTestEquals([Lhomework.ch11_13.p3.Course;, boolean)[pri:0, instance:homework.ch11_13.CourseTest@553a3d88]" started-at="2026-04-25T13:11:52Z" name="testTestEquals" data-provider="courseDataProvider" finished-at="2026-04-25T13:11:52Z" duration-ms="0" status="PASS">
          <params>
            <param index="0">
              <value>
                <![CDATA[[Lhomework.ch11_13.p3.Course;@147ed70f]]>
              </value>
            </param>
            <param index="1">
              <value>
                <![CDATA[false]]>
              </value>
            </param>
          </params>
          <reporter-output>
          </reporter-output>
        </test-method> <!-- testTestEquals -->
        <test-method signature="testTestEquals([Lhomework.ch11_13.p3.Course;, boolean)[pri:0, instance:homework.ch11_13.CourseTest@553a3d88]" started-at="2026-04-25T13:11:52Z" name="testTestEquals" data-provider="courseDataProvider" finished-at="2026-04-25T13:11:52Z" duration-ms="0" status="PASS">
          <params>
            <param index="0">
              <value>
                <![CDATA[[Lhomework.ch11_13.p3.Course;@4278a03f]]>
              </value>
            </param>
            <param index="1">
              <value>
                <![CDATA[true]]>
              </value>
            </param>
          </params>
          <reporter-output>
          </reporter-output>
        </test-method> <!-- testTestEquals -->
        <test-method signature="testTestEquals([Lhomework.ch11_13.p3.Course;, boolean)[pri:0, instance:homework.ch11_13.CourseTest@553a3d88]" started-at="2026-04-25T13:11:52Z" name="testTestEquals" data-provider="courseDataProvider" finished-at="2026-04-25T13:11:52Z" duration-ms="1" status="PASS">
          <params>
            <param index="0">
              <value>
                <![CDATA[[Lhomework.ch11_13.p3.Course;@61dd025]]>
              </value>
            </param>
            <param index="1">
              <value>
                <![CDATA[true]]>
              </value>
            </param>
          </params>
          <reporter-output>
          </reporter-output>
        </test-method> <!-- testTestEquals -->
        <test-method signature="testTestEquals([Lhomework.ch11_13.p3.Course;, boolean)[pri:0, instance:homework.ch11_13.CourseTest@553a3d88]" started-at="2026-04-25T13:11:52Z" name="testTestEquals" data-provider="courseDataProvider" finished-at="2026-04-25T13:11:52Z" duration-ms="0" status="PASS">
          <params>
            <param index="0">
              <value>
                <![CDATA[[Lhomework.ch11_13.p3.Course;@124c278f]]>
              </value>
            </param>
            <param index="1">
              <value>
                <![CDATA[false]]>
              </value>
            </param>
          </params>
          <reporter-output>
          </reporter-output>
        </test-method> <!-- testTestEquals -->
        <test-method signature="testTestEquals([Lhomework.ch11_13.p3.Course;, boolean)[pri:0, instance:homework.ch11_13.CourseTest@553a3d88]" started-at="2026-04-25T13:11:52Z" name="testTestEquals" data-provider="courseDataProvider" finished-at="2026-04-25T13:11:52Z" duration-ms="0" status="PASS">
          <params>
            <param index="0">
              <value>
                <![CDATA[[Lhomework.ch11_13.p3.Course;@15b204a1]]>
              </value>
            </param>
            <param index="1">
              <value>
                <![CDATA[false]]>
              </value>
            </param>
          </params>
          <reporter-output>
          </reporter-output>
        </test-method> <!-- testTestEquals -->
        <test-method signature="testTestEquals([Lhomework.ch11_13.p3.Course;, boolean)[pri:0, instance:homework.ch11_13.CourseTest@553a3d88]" started-at="2026-04-25T13:11:52Z" name="testTestEquals" data-provider="courseDataProvider" finished-at="2026-04-25T13:11:52Z" duration-ms="0" status="PASS">
          <params>
            <param index="0">
              <value>
                <![CDATA[[Lhomework.ch11_13.p3.Course;@77167fb7]]>
              </value>
            </param>
            <param index="1">
              <value>
                <![CDATA[false]]>
              </value>
            </param>
          </params>
          <reporter-output>
          </reporter-output>
        </test-method> <!-- testTestEquals -->
      </class> <!-- homework.ch11_13.CourseTest -->
    </test> <!-- D:/IdeaWorkspace/TestNGDemo/test/homework/ch11_13/CourseTest.java -->
  </suite> <!-- All Test Suite (0) -->
  <suite started-at="2026-04-25T13:11:52Z" name="All Test Suite (1)" finished-at="2026-04-25T13:11:52Z" duration-ms="91">
    <groups>
    </groups>
    <test started-at="2026-04-25T13:11:52Z" name="D:/IdeaWorkspace/TestNGDemo/test/homework/ch11_13/CompositeComponentTest.java" finished-at="2026-04-25T13:11:52Z" duration-ms="29">
      <class name="homework.ch11_13.CompositeComponentTest">
        <test-method signature="testGetPrice(homework.ch11_13.p4.Component, double)[pri:0, instance:homework.ch11_13.CompositeComponentTest@43738a82]" started-at="2026-04-25T13:11:52Z" name="testGetPrice" data-provider="compositeComponentDataProvider" finished-at="2026-04-25T13:11:52Z" duration-ms="5" status="PASS">
          <params>
            <param index="0">
              <value>
                <![CDATA[id: 0, name: aaa1, price:5.0]]>
              </value>
            </param>
            <param index="1">
              <value>
                <![CDATA[5.0]]>
              </value>
            </param>
          </params>
          <reporter-output>
          </reporter-output>
        </test-method> <!-- testGetPrice -->
        <test-method signature="testGetPrice(homework.ch11_13.p4.Component, double)[pri:0, instance:homework.ch11_13.CompositeComponentTest@43738a82]" started-at="2026-04-25T13:11:52Z" name="testGetPrice" data-provider="compositeComponentDataProvider" finished-at="2026-04-25T13:11:52Z" duration-ms="0" status="PASS">
          <params>
            <param index="0">
              <value>
                <![CDATA[id: 4, name: ccc1, price:55.0, children=[id: 0, name: aaa1, price:5.0, id: 1, name: aaa2, price:10.0, id: 5, name: ccc2, price:40.0, children=[id: 2, name: aaa3, price:15.0, id: 3, name: aaa4, price:25.0]]]]>
              </value>
            </param>
            <param index="1">
              <value>
                <![CDATA[55.0]]>
              </value>
            </param>
          </params>
          <reporter-output>
          </reporter-output>
        </test-method> <!-- testGetPrice -->
        <test-method signature="testGetPrice(homework.ch11_13.p4.Component, double)[pri:0, instance:homework.ch11_13.CompositeComponentTest@43738a82]" started-at="2026-04-25T13:11:52Z" name="testGetPrice" data-provider="compositeComponentDataProvider" finished-at="2026-04-25T13:11:52Z" duration-ms="0" status="PASS">
          <params>
            <param index="0">
              <value>
                <![CDATA[id: 6, name: root, price:0.0, children=[]]]>
              </value>
            </param>
            <param index="1">
              <value>
                <![CDATA[0.0]]>
              </value>
            </param>
          </params>
          <reporter-output>
          </reporter-output>
        </test-method> <!-- testGetPrice -->
        <test-method signature="testTestToString(homework.ch11_13.p4.Component, [Ljava.lang.String;)[pri:0, instance:homework.ch11_13.CompositeComponentTest@43738a82]" started-at="2026-04-25T13:11:52Z" name="testTestToString" data-provider="compositeComponentDataProvider" finished-at="2026-04-25T13:11:52Z" duration-ms="1" status="PASS">
          <params>
            <param index="0">
              <value>
                <![CDATA[id: 6, name: root, price:55.0, children=[id: 4, name: ccc1, price:55.0, children=[id: 0, name: aaa1, price:5.0, id: 1, name: aaa2, price:10.0, id: 5, name: ccc2, price:40.0, children=[id: 2, name: aaa3, price:15.0, id: 3, name: aaa4, price:25.0]]]]]>
              </value>
            </param>
            <param index="1">
              <value>
                <![CDATA[[Ljava.lang.String;@4b5a5ed1]]>
              </value>
            </param>
          </params>
          <reporter-output>
          </reporter-output>
        </test-method> <!-- testTestToString -->
        <test-method signature="testAdd(homework.ch11_13.p4.Component, [Lhomework.ch11_13.p4.Component;)[pri:0, instance:homework.ch11_13.CompositeComponentTest@43738a82]" started-at="2026-04-25T13:11:52Z" name="testAdd" data-provider="compositeComponentDataProvider" finished-at="2026-04-25T13:11:52Z" duration-ms="5" status="PASS">
          <params>
            <param index="0">
              <value>
                <![CDATA[id: 4, name: ccc1, price:55.0, children=[id: 0, name: aaa1, price:5.0, id: 1, name: aaa2, price:10.0, id: 5, name: ccc2, price:40.0, children=[id: 2, name: aaa3, price:15.0, id: 3, name: aaa4, price:25.0]]]]>
              </value>
            </param>
            <param index="1">
              <value>
                <![CDATA[[Lhomework.ch11_13.p4.Component;@6e0dec4a]]>
              </value>
            </param>
          </params>
          <reporter-output>
          </reporter-output>
        </test-method> <!-- testAdd -->
        <test-method signature="testAdd(homework.ch11_13.p4.Component, [Lhomework.ch11_13.p4.Component;)[pri:0, instance:homework.ch11_13.CompositeComponentTest@43738a82]" started-at="2026-04-25T13:11:52Z" name="testAdd" data-provider="compositeComponentDataProvider" finished-at="2026-04-25T13:11:52Z" duration-ms="1" status="PASS">
          <params>
            <param index="0">
              <value>
                <![CDATA[id: 6, name: root, price:55.0, children=[id: 4, name: ccc1, price:55.0, children=[id: 0, name: aaa1, price:5.0, id: 1, name: aaa2, price:10.0, id: 5, name: ccc2, price:40.0, children=[id: 2, name: aaa3, price:15.0, id: 3, name: aaa4, price:25.0]]]]]>
              </value>
            </param>
            <param index="1">
              <value>
                <![CDATA[[Lhomework.ch11_13.p4.Component;@5ccddd20]]>
              </value>
            </param>
          </params>
          <reporter-output>
          </reporter-output>
        </test-method> <!-- testAdd -->
        <test-method signature="testAdd(homework.ch11_13.p4.Component, [Lhomework.ch11_13.p4.Component;)[pri:0, instance:homework.ch11_13.CompositeComponentTest@43738a82]" started-at="2026-04-25T13:11:52Z" name="testAdd" data-provider="compositeComponentDataProvider" finished-at="2026-04-25T13:11:52Z" duration-ms="0" status="PASS">
          <params>
            <param index="0">
              <value>
                <![CDATA[id: 5, name: ccc2, price:40.0, children=[id: 2, name: aaa3, price:15.0, id: 3, name: aaa4, price:25.0]]]>
              </value>
            </param>
            <param index="1">
              <value>
                <![CDATA[[Lhomework.ch11_13.p4.Component;@96def03]]>
              </value>
            </param>
          </params>
          <reporter-output>
          </reporter-output>
        </test-method> <!-- testAdd -->
        <test-method signature="testRemove(homework.ch11_13.p4.Component, [Lhomework.ch11_13.p4.Component;)[pri:0, instance:homework.ch11_13.CompositeComponentTest@43738a82]" started-at="2026-04-25T13:11:52Z" name="testRemove" data-provider="compositeComponentDataProvider" finished-at="2026-04-25T13:11:52Z" duration-ms="0" status="PASS">
          <params>
            <param index="0">
              <value>
                <![CDATA[id: 5, name: ccc2, price:0.0, children=[]]]>
              </value>
            </param>
            <param index="1">
              <value>
                <![CDATA[[Lhomework.ch11_13.p4.Component;@1ed1993a]]>
              </value>
            </param>
          </params>
          <reporter-output>
          </reporter-output>
        </test-method> <!-- testRemove -->
        <test-method signature="testRemove(homework.ch11_13.p4.Component, [Lhomework.ch11_13.p4.Component;)[pri:0, instance:homework.ch11_13.CompositeComponentTest@43738a82]" started-at="2026-04-25T13:11:52Z" name="testRemove" data-provider="compositeComponentDataProvider" finished-at="2026-04-25T13:11:52Z" duration-ms="0" status="PASS">
          <params>
            <param index="0">
              <value>
                <![CDATA[id: 6, name: root, price:0.0, children=[]]]>
              </value>
            </param>
            <param index="1">
              <value>
                <![CDATA[[Lhomework.ch11_13.p4.Component;@794cb805]]>
              </value>
            </param>
          </params>
          <reporter-output>
          </reporter-output>
        </test-method> <!-- testRemove -->
        <test-method signature="testRemove(homework.ch11_13.p4.Component, [Lhomework.ch11_13.p4.Component;)[pri:0, instance:homework.ch11_13.CompositeComponentTest@43738a82]" started-at="2026-04-25T13:11:52Z" name="testRemove" data-provider="compositeComponentDataProvider" finished-at="2026-04-25T13:11:52Z" duration-ms="0" status="PASS">
          <params>
            <param index="0">
              <value>
                <![CDATA[id: 4, name: ccc1, price:0.0, children=[]]]>
              </value>
            </param>
            <param index="1">
              <value>
                <![CDATA[[Lhomework.ch11_13.p4.Component;@1f3f4916]]>
              </value>
            </param>
          </params>
          <reporter-output>
          </reporter-output>
        </test-method> <!-- testRemove -->
        <test-method signature="testIterator(homework.ch11_13.p4.Component)[pri:0, instance:homework.ch11_13.CompositeComponentTest@43738a82]" started-at="2026-04-25T13:11:52Z" name="testIterator" data-provider="compositeComponentDataProvider" finished-at="2026-04-25T13:11:52Z" duration-ms="1" status="PASS">
          <params>
            <param index="0">
              <value>
                <![CDATA[id: 4, name: ccc1, price:0.0, children=[]]]>
              </value>
            </param>
          </params>
          <reporter-output>
          </reporter-output>
        </test-method> <!-- testIterator -->
        <test-method signature="testCalcPrice(homework.ch11_13.p4.Component, double)[pri:0, instance:homework.ch11_13.CompositeComponentTest@43738a82]" started-at="2026-04-25T13:11:52Z" name="testCalcPrice" data-provider="compositeComponentDataProvider" finished-at="2026-04-25T13:11:52Z" duration-ms="0" status="PASS">
          <params>
            <param index="0">
              <value>
                <![CDATA[id: 6, name: root, price:0.0, children=[]]]>
              </value>
            </param>
            <param index="1">
              <value>
                <![CDATA[0.0]]>
              </value>
            </param>
          </params>
          <reporter-output>
          </reporter-output>
        </test-method> <!-- testCalcPrice -->
        <test-method signature="testCalcPrice(homework.ch11_13.p4.Component, double)[pri:0, instance:homework.ch11_13.CompositeComponentTest@43738a82]" started-at="2026-04-25T13:11:52Z" name="testCalcPrice" data-provider="compositeComponentDataProvider" finished-at="2026-04-25T13:11:52Z" duration-ms="0" status="PASS">
          <params>
            <param index="0">
              <value>
                <![CDATA[id: 0, name: aaa1, price:5.0]]>
              </value>
            </param>
            <param index="1">
              <value>
                <![CDATA[5.0]]>
              </value>
            </param>
          </params>
          <reporter-output>
          </reporter-output>
        </test-method> <!-- testCalcPrice -->
        <test-method signature="testCalcPrice(homework.ch11_13.p4.Component, double)[pri:0, instance:homework.ch11_13.CompositeComponentTest@43738a82]" started-at="2026-04-25T13:11:52Z" name="testCalcPrice" data-provider="compositeComponentDataProvider" finished-at="2026-04-25T13:11:52Z" duration-ms="0" status="PASS">
          <params>
            <param index="0">
              <value>
                <![CDATA[id: 4, name: ccc1, price:55.0, children=[id: 0, name: aaa1, price:5.0, id: 1, name: aaa2, price:10.0, id: 5, name: ccc2, price:40.0, children=[id: 2, name: aaa3, price:15.0, id: 3, name: aaa4, price:25.0]]]]>
              </value>
            </param>
            <param index="1">
              <value>
                <![CDATA[55.0]]>
              </value>
            </param>
          </params>
          <reporter-output>
          </reporter-output>
        </test-method> <!-- testCalcPrice -->
      </class> <!-- homework.ch11_13.CompositeComponentTest -->
    </test> <!-- D:/IdeaWorkspace/TestNGDemo/test/homework/ch11_13/CompositeComponentTest.java -->
    <test started-at="2026-04-25T13:11:52Z" name="D:/IdeaWorkspace/TestNGDemo/test/homework/ch11_13/AtomicComponentTest.java" finished-at="2026-04-25T13:11:52Z" duration-ms="17">
      <class name="homework.ch11_13.AtomicComponentTest">
        <test-method signature="testGetId(homework.ch11_13.p4.Component, int)[pri:0, instance:homework.ch11_13.AtomicComponentTest@a74868d]" started-at="2026-04-25T13:11:52Z" name="testGetId" data-provider="atomicComponentDataProvider" finished-at="2026-04-25T13:11:52Z" duration-ms="0" status="PASS">
          <params>
            <param index="0">
              <value>
                <![CDATA[id: 1, name: key board, price:5.0]]>
              </value>
            </param>
            <param index="1">
              <value>
                <![CDATA[1]]>
              </value>
            </param>
          </params>
          <reporter-output>
          </reporter-output>
        </test-method> <!-- testGetId -->
        <test-method signature="testSetId(homework.ch11_13.p4.Component, int)[pri:0, instance:homework.ch11_13.AtomicComponentTest@a74868d]" started-at="2026-04-25T13:11:52Z" name="testSetId" data-provider="atomicComponentDataProvider" finished-at="2026-04-25T13:11:52Z" duration-ms="0" status="PASS">
          <params>
            <param index="0">
              <value>
                <![CDATA[id: 10, name: null, price:0.0]]>
              </value>
            </param>
            <param index="1">
              <value>
                <![CDATA[10]]>
              </value>
            </param>
          </params>
          <reporter-output>
          </reporter-output>
        </test-method> <!-- testSetId -->
        <test-method signature="testGetName(homework.ch11_13.p4.Component, java.lang.String)[pri:0, instance:homework.ch11_13.AtomicComponentTest@a74868d]" started-at="2026-04-25T13:11:52Z" name="testGetName" data-provider="atomicComponentDataProvider" finished-at="2026-04-25T13:11:52Z" duration-ms="0" status="PASS">
          <params>
            <param index="0">
              <value>
                <![CDATA[id: 1, name: key board, price:5.0]]>
              </value>
            </param>
            <param index="1">
              <value>
                <![CDATA[key board]]>
              </value>
            </param>
          </params>
          <reporter-output>
          </reporter-output>
        </test-method> <!-- testGetName -->
        <test-method signature="testGetPrice(homework.ch11_13.p4.Component, double)[pri:0, instance:homework.ch11_13.AtomicComponentTest@a74868d]" started-at="2026-04-25T13:11:52Z" name="testGetPrice" data-provider="atomicComponentDataProvider" finished-at="2026-04-25T13:11:52Z" duration-ms="6" status="PASS">
          <params>
            <param index="0">
              <value>
                <![CDATA[id: 1, name: key board, price:5.0]]>
              </value>
            </param>
            <param index="1">
              <value>
                <![CDATA[5.0]]>
              </value>
            </param>
          </params>
          <reporter-output>
          </reporter-output>
        </test-method> <!-- testGetPrice -->
        <test-method signature="testSetName(homework.ch11_13.p4.Component, java.lang.String)[pri:0, instance:homework.ch11_13.AtomicComponentTest@a74868d]" started-at="2026-04-25T13:11:52Z" name="testSetName" data-provider="atomicComponentDataProvider" finished-at="2026-04-25T13:11:52Z" duration-ms="0" status="PASS">
          <params>
            <param index="0">
              <value>
                <![CDATA[id: 0, name: key board 1, price:0.0]]>
              </value>
            </param>
            <param index="1">
              <value>
                <![CDATA[key board 1]]>
              </value>
            </param>
          </params>
          <reporter-output>
          </reporter-output>
        </test-method> <!-- testSetName -->
        <test-method signature="testSetPrice(homework.ch11_13.p4.Component, double)[pri:0, instance:homework.ch11_13.AtomicComponentTest@a74868d]" started-at="2026-04-25T13:11:52Z" name="testSetPrice" data-provider="atomicComponentDataProvider" finished-at="2026-04-25T13:11:52Z" duration-ms="1" status="PASS">
          <params>
            <param index="0">
              <value>
                <![CDATA[id: 0, name: null, price:10.0]]>
              </value>
            </param>
            <param index="1">
              <value>
                <![CDATA[10.0]]>
              </value>
            </param>
          </params>
          <reporter-output>
          </reporter-output>
        </test-method> <!-- testSetPrice -->
        <test-method signature="testAdd(homework.ch11_13.p4.Component, homework.ch11_13.p4.Component)[pri:0, instance:homework.ch11_13.AtomicComponentTest@a74868d]" started-at="2026-04-25T13:11:52Z" name="testAdd" data-provider="atomicComponentDataProvider" finished-at="2026-04-25T13:11:52Z" duration-ms="3" status="PASS">
          <params>
            <param index="0">
              <value>
                <![CDATA[id: 1, name: key board, price:5.0]]>
              </value>
            </param>
            <param index="1">
              <value>
                <![CDATA[id: 1, name: key board, price:5.0]]>
              </value>
            </param>
          </params>
          <exception class="java.lang.UnsupportedOperationException">
            <message>
              <![CDATA[Atomic component can not add child component.]]>
            </message>
            <full-stacktrace>
              <![CDATA[java.lang.UnsupportedOperationException: Atomic component can not add child component.
at homework.ch11_13.p4.AtomicComponent.add(AtomicComponent.java:22)
at homework.ch11_13.AtomicComponentTest.testAdd(AtomicComponentTest.java:66)
at java.base/jdk.internal.reflect.DirectMethodHandleAccessor.invoke(DirectMethodHandleAccessor.java:103)
at java.base/java.lang.reflect.Method.invoke(Method.java:580)
at org.testng.internal.MethodInvocationHelper.invokeMethod(MethodInvocationHelper.java:124)
at org.testng.internal.Invoker.invokeMethod(Invoker.java:583)
at org.testng.internal.Invoker.invokeTestMethod(Invoker.java:719)
at org.testng.internal.Invoker.invokeTestMethods(Invoker.java:989)
at org.testng.internal.TestMethodWorker.invokeTestMethods(TestMethodWorker.java:125)
at org.testng.internal.TestMethodWorker.run(TestMethodWorker.java:109)
at org.testng.TestRunner.privateRun(TestRunner.java:648)
at org.testng.TestRunner.run(TestRunner.java:505)
at org.testng.SuiteRunner.runTest(SuiteRunner.java:455)
at org.testng.SuiteRunner.runSequentially(SuiteRunner.java:450)
at org.testng.SuiteRunner.privateRun(SuiteRunner.java:415)
at org.testng.SuiteRunner.run(SuiteRunner.java:364)
at org.testng.SuiteRunnerWorker.runSuite(SuiteRunnerWorker.java:52)
at org.testng.SuiteRunnerWorker.run(SuiteRunnerWorker.java:84)
at org.testng.TestNG.runSuitesSequentially(TestNG.java:1208)
at org.testng.TestNG.runSuitesSequentially(TestNG.java:1204)
at org.testng.TestNG.runSuitesLocally(TestNG.java:1137)
at org.testng.TestNG.runSuites(TestNG.java:1049)
at org.testng.TestNG.run(TestNG.java:1017)
at org.testng.TestNG.privateMain(TestNG.java:1354)
at org.testng.TestNG.main(TestNG.java:1323)
]]>
            </full-stacktrace>
          </exception> <!-- java.lang.UnsupportedOperationException -->
          <reporter-output>
          </reporter-output>
        </test-method> <!-- testAdd -->
        <test-method signature="testTestToString(homework.ch11_13.p4.Component, [Ljava.lang.String;)[pri:0, instance:homework.ch11_13.AtomicComponentTest@a74868d]" started-at="2026-04-25T13:11:52Z" name="testTestToString" data-provider="atomicComponentDataProvider" finished-at="2026-04-25T13:11:52Z" duration-ms="0" status="PASS">
          <params>
            <param index="0">
              <value>
                <![CDATA[id: 1, name: key board, price:5.0]]>
              </value>
            </param>
            <param index="1">
              <value>
                <![CDATA[[Ljava.lang.String;@149e0f5d]]>
              </value>
            </param>
          </params>
          <reporter-output>
          </reporter-output>
        </test-method> <!-- testTestToString -->
        <test-method signature="testRemove(homework.ch11_13.p4.Component, homework.ch11_13.p4.Component)[pri:0, instance:homework.ch11_13.AtomicComponentTest@a74868d]" started-at="2026-04-25T13:11:52Z" name="testRemove" data-provider="atomicComponentDataProvider" finished-at="2026-04-25T13:11:52Z" duration-ms="1" status="PASS">
          <params>
            <param index="0">
              <value>
                <![CDATA[id: 1, name: key board, price:5.0]]>
              </value>
            </param>
            <param index="1">
              <value>
                <![CDATA[id: 1, name: key board, price:5.0]]>
              </value>
            </param>
          </params>
          <exception class="java.lang.UnsupportedOperationException">
            <message>
              <![CDATA[Atomic component can not remove child component.]]>
            </message>
            <full-stacktrace>
              <![CDATA[java.lang.UnsupportedOperationException: Atomic component can not remove child component.
at homework.ch11_13.p4.AtomicComponent.remove(AtomicComponent.java:27)
at homework.ch11_13.AtomicComponentTest.testRemove(AtomicComponentTest.java:74)
at java.base/jdk.internal.reflect.DirectMethodHandleAccessor.invoke(DirectMethodHandleAccessor.java:103)
at java.base/java.lang.reflect.Method.invoke(Method.java:580)
at org.testng.internal.MethodInvocationHelper.invokeMethod(MethodInvocationHelper.java:124)
at org.testng.internal.Invoker.invokeMethod(Invoker.java:583)
at org.testng.internal.Invoker.invokeTestMethod(Invoker.java:719)
at org.testng.internal.Invoker.invokeTestMethods(Invoker.java:989)
at org.testng.internal.TestMethodWorker.invokeTestMethods(TestMethodWorker.java:125)
at org.testng.internal.TestMethodWorker.run(TestMethodWorker.java:109)
at org.testng.TestRunner.privateRun(TestRunner.java:648)
at org.testng.TestRunner.run(TestRunner.java:505)
at org.testng.SuiteRunner.runTest(SuiteRunner.java:455)
at org.testng.SuiteRunner.runSequentially(SuiteRunner.java:450)
at org.testng.SuiteRunner.privateRun(SuiteRunner.java:415)
at org.testng.SuiteRunner.run(SuiteRunner.java:364)
at org.testng.SuiteRunnerWorker.runSuite(SuiteRunnerWorker.java:52)
at org.testng.SuiteRunnerWorker.run(SuiteRunnerWorker.java:84)
at org.testng.TestNG.runSuitesSequentially(TestNG.java:1208)
at org.testng.TestNG.runSuitesSequentially(TestNG.java:1204)
at org.testng.TestNG.runSuitesLocally(TestNG.java:1137)
at org.testng.TestNG.runSuites(TestNG.java:1049)
at org.testng.TestNG.run(TestNG.java:1017)
at org.testng.TestNG.privateMain(TestNG.java:1354)
at org.testng.TestNG.main(TestNG.java:1323)
]]>
            </full-stacktrace>
          </exception> <!-- java.lang.UnsupportedOperationException -->
          <reporter-output>
          </reporter-output>
        </test-method> <!-- testRemove -->
        <test-method signature="testIterator(homework.ch11_13.p4.Component, java.lang.Class)[pri:0, instance:homework.ch11_13.AtomicComponentTest@a74868d]" started-at="2026-04-25T13:11:52Z" name="testIterator" data-provider="atomicComponentDataProvider" finished-at="2026-04-25T13:11:52Z" duration-ms="1" status="PASS">
          <params>
            <param index="0">
              <value>
                <![CDATA[id: 1, name: key board, price:5.0]]>
              </value>
            </param>
            <param index="1">
              <value>
                <![CDATA[class homework.ch11_13.p4.NullIterator]]>
              </value>
            </param>
          </params>
          <reporter-output>
          </reporter-output>
        </test-method> <!-- testIterator -->
        <test-method signature="testCalcPrice(homework.ch11_13.p4.Component, double)[pri:0, instance:homework.ch11_13.AtomicComponentTest@a74868d]" started-at="2026-04-25T13:11:52Z" name="testCalcPrice" data-provider="atomicComponentDataProvider" finished-at="2026-04-25T13:11:52Z" duration-ms="0" status="PASS">
          <params>
            <param index="0">
              <value>
                <![CDATA[id: 1, name: key board, price:5.0]]>
              </value>
            </param>
            <param index="1">
              <value>
                <![CDATA[5.0]]>
              </value>
            </param>
          </params>
          <reporter-output>
          </reporter-output>
        </test-method> <!-- testCalcPrice -->
      </class> <!-- homework.ch11_13.AtomicComponentTest -->
    </test> <!-- D:/IdeaWorkspace/TestNGDemo/test/homework/ch11_13/AtomicComponentTest.java -->
    <test started-at="2026-04-25T13:11:52Z" name="D:/IdeaWorkspace/TestNGDemo/test/homework/ch11_13/ComponentListTest.java" finished-at="2026-04-25T13:11:52Z" duration-ms="0">
    </test> <!-- D:/IdeaWorkspace/TestNGDemo/test/homework/ch11_13/ComponentListTest.java -->
    <test started-at="2026-04-25T13:11:52Z" name="D:/IdeaWorkspace/TestNGDemo/test/homework/ch11_13/CompositeIteratorTest.java" finished-at="2026-04-25T13:11:52Z" duration-ms="3">
      <class name="homework.ch11_13.CompositeIteratorTest">
        <test-method signature="testHasNext(homework.ch11_13.p4.Component, [Lhomework.ch11_13.p4.Component;)[pri:0, instance:homework.ch11_13.CompositeIteratorTest@401e7803]" started-at="2026-04-25T13:11:52Z" name="testHasNext" data-provider="compositeIteratorDataProvider" finished-at="2026-04-25T13:11:52Z" duration-ms="0" status="PASS">
          <params>
            <param index="0">
              <value>
                <![CDATA[id: 6, name: root, price:55.0, children=[id: 4, name: ccc1, price:55.0, children=[id: 0, name: aaa1, price:5.0, id: 1, name: aaa2, price:10.0, id: 5, name: ccc2, price:40.0, children=[id: 2, name: aaa3, price:15.0, id: 3, name: aaa4, price:25.0]]]]]>
              </value>
            </param>
            <param index="1">
              <value>
                <![CDATA[[Lhomework.ch11_13.p4.Component;@ef9296d]]>
              </value>
            </param>
          </params>
          <reporter-output>
          </reporter-output>
        </test-method> <!-- testHasNext -->
        <test-method signature="testNext(homework.ch11_13.p4.Component, [Lhomework.ch11_13.p4.Component;)[pri:0, instance:homework.ch11_13.CompositeIteratorTest@401e7803]" started-at="2026-04-25T13:11:52Z" name="testNext" data-provider="compositeIteratorDataProvider" finished-at="2026-04-25T13:11:52Z" duration-ms="0" status="PASS">
          <params>
            <param index="0">
              <value>
                <![CDATA[id: 6, name: root, price:55.0, children=[id: 4, name: ccc1, price:55.0, children=[id: 0, name: aaa1, price:5.0, id: 1, name: aaa2, price:10.0, id: 5, name: ccc2, price:40.0, children=[id: 2, name: aaa3, price:15.0, id: 3, name: aaa4, price:25.0]]]]]>
              </value>
            </param>
            <param index="1">
              <value>
                <![CDATA[[Lhomework.ch11_13.p4.Component;@36c88a32]]>
              </value>
            </param>
          </params>
          <reporter-output>
          </reporter-output>
        </test-method> <!-- testNext -->
      </class> <!-- homework.ch11_13.CompositeIteratorTest -->
    </test> <!-- D:/IdeaWorkspace/TestNGDemo/test/homework/ch11_13/CompositeIteratorTest.java -->
    <test started-at="2026-04-25T13:11:52Z" name="D:/IdeaWorkspace/TestNGDemo/test/homework/ch11_13/NullIteratorTest.java" finished-at="2026-04-25T13:11:52Z" duration-ms="2">
      <class name="homework.ch11_13.NullIteratorTest">
        <test-method signature="testHasNext(homework.ch11_13.p4.ComponentIterator)[pri:0, instance:homework.ch11_13.NullIteratorTest@706a04ae]" started-at="2026-04-25T13:11:52Z" name="testHasNext" data-provider="nullIteratorDataProvider" finished-at="2026-04-25T13:11:52Z" duration-ms="0" status="PASS">
          <params>
            <param index="0">
              <value>
                <![CDATA[homework.ch11_13.p4.NullIterator@6ef888f6]]>
              </value>
            </param>
          </params>
          <reporter-output>
          </reporter-output>
        </test-method> <!-- testHasNext -->
        <test-method signature="testNext(homework.ch11_13.p4.ComponentIterator)[pri:0, instance:homework.ch11_13.NullIteratorTest@706a04ae]" started-at="2026-04-25T13:11:52Z" name="testNext" data-provider="nullIteratorDataProvider" finished-at="2026-04-25T13:11:52Z" duration-ms="1" status="PASS">
          <params>
            <param index="0">
              <value>
                <![CDATA[homework.ch11_13.p4.NullIterator@10e92f8f]]>
              </value>
            </param>
          </params>
          <reporter-output>
          </reporter-output>
        </test-method> <!-- testNext -->
      </class> <!-- homework.ch11_13.NullIteratorTest -->
    </test> <!-- D:/IdeaWorkspace/TestNGDemo/test/homework/ch11_13/NullIteratorTest.java -->
  </suite> <!-- All Test Suite (1) -->
</testng-results>
